[medeiajackpot.com/5070-innovations-in-water-conservation-technique/index5b2e.html]
[backblue.gif]
[fade.gif]
[index.html]
[medeiajackpot.com/5070-innovations-in-water-conservation-technique/assets/favicon.ico]
[medeiajackpot.com/5070-innovations-in-water-conservation-technique/assets/countdown.css]
[cdn.jsdelivr.net/npm/bootstrap@5.2.3/dist/css/bootstrap.min.css]
[medeiajackpot.com/5070-innovations-in-water-conservation-technique/assets/animation.css]
[medeiajackpot.com/5070-innovations-in-water-conservation-technique/assets/style.css]
[rettablewizette.com/d/b5a9db85-04bb-4a36-916c-6bca7d97f209d349.js]
[medeiajackpot.com/5070-innovations-in-water-conservation-technique/assets/1.png]
[medeiajackpot.com/5070-innovations-in-water-conservation-technique/assets/2.png]
[medeiajackpot.com/5070-innovations-in-water-conservation-technique/assets/3.png]
[medeiajackpot.com/5070-innovations-in-water-conservation-technique/assets/4.png]
[medeiajackpot.com/5070-innovations-in-water-conservation-technique/assets/5.png]
[medeiajackpot.com/5070-innovations-in-water-conservation-technique/assets/6.png]
[medeiajackpot.com/5070-innovations-in-water-conservation-technique/assets/7.png]
[medeiajackpot.com/5070-innovations-in-water-conservation-technique/assets/spin_again.png]
[medeiajackpot.com/5070-innovations-in-water-conservation-technique/assets/cta2.png]
[code.jquery.com/jquery-3.6.0.min.js]
[cdn.jsdelivr.net/npm/bootstrap@5.2.3/dist/js/bootstrap.bundle.min.js]
[medeiajackpot.com/5070-innovations-in-water-conservation-technique/assets/win2.png]
[medeiajackpot.com/5070-innovations-in-water-conservation-technique/assets/win3.png]
[medeiajackpot.com/5070-innovations-in-water-conservation-technique/assets/win4.png]
[medeiajackpot.com/5070-innovations-in-water-conservation-technique/assets/win5.png]
[medeiajackpot.com/5070-innovations-in-water-conservation-technique/index5b2e.html]
[medeiajackpot.com/5070-innovations-in-water-conservation-technique/assets/countdown.css]
[cdn.jsdelivr.net/npm/bootstrap@5.2.3/dist/css/bootstrap.min.css]
[medeiajackpot.com/5070-innovations-in-water-conservation-technique/assets/animation.css]
[medeiajackpot.com/5070-innovations-in-water-conservation-technique/assets/bg.png]
[medeiajackpot.com/5070-innovations-in-water-conservation-technique/assets/banner.jpg]
[medeiajackpot.com/5070-innovations-in-water-conservation-technique/assets/cta1.png]
[medeiajackpot.com/5070-innovations-in-water-conservation-technique/assets/bg-wheel.png]
[medeiajackpot.com/5070-innovations-in-water-conservation-technique/assets/coin1.png]
[medeiajackpot.com/5070-innovations-in-water-conservation-technique/assets/coin2.png]
[medeiajackpot.com/5070-innovations-in-water-conservation-technique/assets/jackpot.png]
[medeiajackpot.com/5070-innovations-in-water-conservation-technique/assets/wheel-border.png]
[medeiajackpot.com/5070-innovations-in-water-conservation-technique/assets/wheel.png]
[medeiajackpot.com/5070-innovations-in-water-conservation-technique/assets/spin.png]
[medeiajackpot.com/5070-innovations-in-water-conservation-technique/assets/stand.png]
[medeiajackpot.com/5070-innovations-in-water-conservation-technique/assets/spin_btn.png]
[medeiajackpot.com/5070-innovations-in-water-conservation-technique/assets/games.png]
[medeiajackpot.com/5070-innovations-in-water-conservation-technique/assets/modal_btn_bg.png]
[medeiajackpot.com/5070-innovations-in-water-conservation-technique/assets/winner.png]
[medeiajackpot.com/5070-innovations-in-water-conservation-technique/assets/style.css]
[rettablewizette.com/d/b5a9db85-04bb-4a36-916c-6bca7d97f209.html]
[medeiajackpot.com/5070-innovations-in-water-conservation-technique/assets/logo.html]
